# JRE version: OpenJDK Runtime Environment Temurin-21.0.6+7 (21.0.6+7) (build 21.0.6+7-LTS)
# Java VM: OpenJDK 64-Bit Server VM Temurin-21.0.6+7 (21.0.6+7-LTS, mixed mode, sharing, tiered, compressed oops, compressed class ptrs, parallel gc, windows-amd64)
GC Precious Log:
 CardTable entry size: 512
 CPUs: 8 total, 8 available
 Memory: 15791M
 Large Page Support: Disabled
 NUMA Support: Disabled
 Compressed Oops: Enabled (32-bit)
 Alignments: Space 512K, Generation 512K, Heap 2M
 Heap Min Capacity: 100M
 Heap Initial Capacity: 100M
 Heap Max Capacity: 1G
 Pre-touch: Disabled
 Parallel Workers: 8
Heap:
 PSYoungGen      total 10240K, used 9965K [0x00000000eab00000, 0x00000000eb900000, 0x0000000100000000)
  eden space 8192K, 100% used [0x00000000eab00000,0x00000000eb300000,0x00000000eb300000)
  from space 2048K, 86% used [0x00000000eb300000,0x00000000eb4bb610,0x00000000eb500000)
  to   space 2048K, 93% used [0x00000000eb700000,0x00000000eb8dc958,0x00000000eb900000)
 ParOldGen       total 431104K, used 430629K [0x00000000c0000000, 0x00000000da500000, 0x00000000eab00000)
  object space 431104K, 99% used [0x00000000c0000000,0x00000000da489418,0x00000000da500000)
 Metaspace       used 69517K, committed 70912K, reserved 1114112K
  class space    used 8244K, committed 8896K, reserved 1048576K
GC Heap History (20 events):
Event: 14.048 GC heap before
{Heap before GC invocations=349 (full 3):
 PSYoungGen      total 13312K, used 11720K [0x00000000eab00000, 0x00000000ebc80000, 0x0000000100000000)
  eden space 10240K, 89% used [0x00000000eab00000,0x00000000eb3ed610,0x00000000eb500000)
  from space 3072K, 83% used [0x00000000eb700000,0x00000000eb984d00,0x00000000eba00000)
  to   space 2560K, 0% used [0x00000000eba00000,0x00000000eba00000,0x00000000ebc80000)
 ParOldGen       total 408576K, used 408230K [0x00000000c0000000, 0x00000000d8f00000, 0x00000000eab00000)
  object space 408576K, 99% used [0x00000000c0000000,0x00000000d8ea9908,0x00000000d8f00000)
 Metaspace       used 69018K, committed 70336K, reserved 1114112K
  class space    used 8151K, committed 8768K, reserved 1048576K
}
Event: 14.055 GC heap after
{Heap after GC invocations=349 (full 3):
 PSYoungGen      total 11776K, used 2536K [0x00000000eab00000, 0x00000000ec100000, 0x0000000100000000)
  eden space 9216K, 0% used [0x00000000eab00000,0x00000000eab00000,0x00000000eb400000)
  from space 2560K, 99% used [0x00000000eba00000,0x00000000ebc7a2a8,0x00000000ebc80000)
  to   space 6144K, 0% used [0x00000000eb400000,0x00000000eb400000,0x00000000eba00000)
 ParOldGen       total 411136K, used 411124K [0x00000000c0000000, 0x00000000d9180000, 0x00000000eab00000)
  object space 411136K, 99% used [0x00000000c0000000,0x00000000d917d098,0x00000000d9180000)
 Metaspace       used 69018K, committed 70336K, reserved 1114112K
  class space    used 8151K, committed 8768K, reserved 1048576K
}
Event: 14.088 GC heap before
{Heap before GC invocations=350 (full 3):
 PSYoungGen      total 11776K, used 11752K [0x00000000eab00000, 0x00000000ec100000, 0x0000000100000000)
  eden space 9216K, 100% used [0x00000000eab00000,0x00000000eb400000,0x00000000eb400000)
  from space 2560K, 99% used [0x00000000eba00000,0x00000000ebc7a2a8,0x00000000ebc80000)
  to   space 6144K, 0% used [0x00000000eb400000,0x00000000eb400000,0x00000000eba00000)
 ParOldGen       total 411136K, used 411124K [0x00000000c0000000, 0x00000000d9180000, 0x00000000eab00000)
  object space 411136K, 99% used [0x00000000c0000000,0x00000000d917d098,0x00000000d9180000)
 Metaspace       used 69343K, committed 70784K, reserved 1114112K
  class space    used 8218K, committed 8896K, reserved 1048576K
}
Event: 14.097 GC heap after
{Heap after GC invocations=350 (full 3):
 PSYoungGen      total 12800K, used 3395K [0x00000000eab00000, 0x00000000ebd00000, 0x0000000100000000)
  eden space 9216K, 0% used [0x00000000eab00000,0x00000000eab00000,0x00000000eb400000)
  from space 3584K, 94% used [0x00000000eb400000,0x00000000eb750c80,0x00000000eb780000)
  to   space 4608K, 0% used [0x00000000eb880000,0x00000000eb880000,0x00000000ebd00000)
 ParOldGen       total 413696K, used 413465K [0x00000000c0000000, 0x00000000d9400000, 0x00000000eab00000)
  object space 413696K, 99% used [0x00000000c0000000,0x00000000d93c6750,0x00000000d9400000)
 Metaspace       used 69343K, committed 70784K, reserved 1114112K
  class space    used 8218K, committed 8896K, reserved 1048576K
}
Event: 14.136 GC heap before
{Heap before GC invocations=351 (full 3):
 PSYoungGen      total 12800K, used 12611K [0x00000000eab00000, 0x00000000ebd00000, 0x0000000100000000)
  eden space 9216K, 100% used [0x00000000eab00000,0x00000000eb400000,0x00000000eb400000)
  from space 3584K, 94% used [0x00000000eb400000,0x00000000eb750c80,0x00000000eb780000)
  to   space 4608K, 0% used [0x00000000eb880000,0x00000000eb880000,0x00000000ebd00000)
 ParOldGen       total 413696K, used 413465K [0x00000000c0000000, 0x00000000d9400000, 0x00000000eab00000)
  object space 413696K, 99% used [0x00000000c0000000,0x00000000d93c6750,0x00000000d9400000)
 Metaspace       used 69515K, committed 70912K, reserved 1114112K
  class space    used 8244K, committed 8896K, reserved 1048576K
}
Event: 14.143 GC heap after
{Heap after GC invocations=351 (full 3):
 PSYoungGen      total 11776K, used 2312K [0x00000000eab00000, 0x00000000ebb00000, 0x0000000100000000)
  eden space 9216K, 0% used [0x00000000eab00000,0x00000000eab00000,0x00000000eb400000)
  from space 2560K, 90% used [0x00000000eb880000,0x00000000ebac23b8,0x00000000ebb00000)
  to   space 3072K, 0% used [0x00000000eb500000,0x00000000eb500000,0x00000000eb800000)
 ParOldGen       total 417280K, used 416623K [0x00000000c0000000, 0x00000000d9780000, 0x00000000eab00000)
  object space 417280K, 99% used [0x00000000c0000000,0x00000000d96dbca0,0x00000000d9780000)
 Metaspace       used 69515K, committed 70912K, reserved 1114112K
  class space    used 8244K, committed 8896K, reserved 1048576K
}
Event: 14.165 GC heap before
{Heap before GC invocations=352 (full 3):
 PSYoungGen      total 11776K, used 11520K [0x00000000eab00000, 0x00000000ebb00000, 0x0000000100000000)
  eden space 9216K, 99% used [0x00000000eab00000,0x00000000eb3fdd00,0x00000000eb400000)
  from space 2560K, 90% used [0x00000000eb880000,0x00000000ebac23b8,0x00000000ebb00000)
  to   space 3072K, 0% used [0x00000000eb500000,0x00000000eb500000,0x00000000eb800000)
 ParOldGen       total 417280K, used 416623K [0x00000000c0000000, 0x00000000d9780000, 0x00000000eab00000)
  object space 417280K, 99% used [0x00000000c0000000,0x00000000d96dbca0,0x00000000d9780000)
 Metaspace       used 69515K, committed 70912K, reserved 1114112K
  class space    used 8244K, committed 8896K, reserved 1048576K
}
Event: 14.172 GC heap after
{Heap after GC invocations=352 (full 3):
 PSYoungGen      total 12288K, used 2918K [0x00000000eab00000, 0x00000000eba00000, 0x0000000100000000)
  eden space 9216K, 0% used [0x00000000eab00000,0x00000000eab00000,0x00000000eb400000)
  from space 3072K, 94% used [0x00000000eb500000,0x00000000eb7d98d0,0x00000000eb800000)
  to   space 2048K, 0% used [0x00000000eb800000,0x00000000eb800000,0x00000000eba00000)
 ParOldGen       total 418816K, used 418766K [0x00000000c0000000, 0x00000000d9900000, 0x00000000eab00000)
  object space 418816K, 99% used [0x00000000c0000000,0x00000000d98f3840,0x00000000d9900000)
 Metaspace       used 69515K, committed 70912K, reserved 1114112K
  class space    used 8244K, committed 8896K, reserved 1048576K
}
Event: 14.197 GC heap before
{Heap before GC invocations=353 (full 3):
 PSYoungGen      total 12288K, used 12134K [0x00000000eab00000, 0x00000000eba00000, 0x0000000100000000)
  eden space 9216K, 100% used [0x00000000eab00000,0x00000000eb400000,0x00000000eb400000)
  from space 3072K, 94% used [0x00000000eb500000,0x00000000eb7d98d0,0x00000000eb800000)
  to   space 2048K, 0% used [0x00000000eb800000,0x00000000eb800000,0x00000000eba00000)
 ParOldGen       total 418816K, used 418766K [0x00000000c0000000, 0x00000000d9900000, 0x00000000eab00000)
  object space 418816K, 99% used [0x00000000c0000000,0x00000000d98f3840,0x00000000d9900000)
 Metaspace       used 69516K, committed 70912K, reserved 1114112K
  class space    used 8244K, committed 8896K, reserved 1048576K
}
Event: 14.203 GC heap after
{Heap after GC invocations=353 (full 3):
 PSYoungGen      total 11264K, used 1704K [0x00000000eab00000, 0x00000000eba00000, 0x0000000100000000)
  eden space 9216K, 0% used [0x00000000eab00000,0x00000000eab00000,0x00000000eb400000)
  from space 2048K, 83% used [0x00000000eb800000,0x00000000eb9aa140,0x00000000eba00000)
  to   space 2560K, 0% used [0x00000000eb500000,0x00000000eb500000,0x00000000eb780000)
 ParOldGen       total 422400K, used 421761K [0x00000000c0000000, 0x00000000d9c80000, 0x00000000eab00000)
  object space 422400K, 99% used [0x00000000c0000000,0x00000000d9be0520,0x00000000d9c80000)
 Metaspace       used 69516K, committed 70912K, reserved 1114112K
  class space    used 8244K, committed 8896K, reserved 1048576K
}
Event: 14.232 GC heap before
{Heap before GC invocations=354 (full 3):
 PSYoungGen      total 11264K, used 10920K [0x00000000eab00000, 0x00000000eba00000, 0x0000000100000000)
  eden space 9216K, 100% used [0x00000000eab00000,0x00000000eb400000,0x00000000eb400000)
  from space 2048K, 83% used [0x00000000eb800000,0x00000000eb9aa140,0x00000000eba00000)
  to   space 2560K, 0% used [0x00000000eb500000,0x00000000eb500000,0x00000000eb780000)
 ParOldGen       total 422400K, used 421761K [0x00000000c0000000, 0x00000000d9c80000, 0x00000000eab00000)
  object space 422400K, 99% used [0x00000000c0000000,0x00000000d9be0520,0x00000000d9c80000)
 Metaspace       used 69516K, committed 70912K, reserved 1114112K
  class space    used 8244K, committed 8896K, reserved 1048576K
}
Event: 14.239 GC heap after
{Heap after GC invocations=354 (full 3):
 PSYoungGen      total 11264K, used 1961K [0x00000000eab00000, 0x00000000eb880000, 0x0000000100000000)
  eden space 9216K, 0% used [0x00000000eab00000,0x00000000eab00000,0x00000000eb400000)
  from space 2048K, 95% used [0x00000000eb500000,0x00000000eb6ea700,0x00000000eb700000)
  to   space 1536K, 0% used [0x00000000eb700000,0x00000000eb700000,0x00000000eb880000)
 ParOldGen       total 423424K, used 423311K [0x00000000c0000000, 0x00000000d9d80000, 0x00000000eab00000)
  object space 423424K, 99% used [0x00000000c0000000,0x00000000d9d63c70,0x00000000d9d80000)
 Metaspace       used 69516K, committed 70912K, reserved 1114112K
  class space    used 8244K, committed 8896K, reserved 1048576K
}
Event: 14.261 GC heap before
{Heap before GC invocations=355 (full 3):
 PSYoungGen      total 11264K, used 11177K [0x00000000eab00000, 0x00000000eb880000, 0x0000000100000000)
  eden space 9216K, 100% used [0x00000000eab00000,0x00000000eb400000,0x00000000eb400000)
  from space 2048K, 95% used [0x00000000eb500000,0x00000000eb6ea700,0x00000000eb700000)
  to   space 1536K, 0% used [0x00000000eb700000,0x00000000eb700000,0x00000000eb880000)
 ParOldGen       total 423424K, used 423311K [0x00000000c0000000, 0x00000000d9d80000, 0x00000000eab00000)
  object space 423424K, 99% used [0x00000000c0000000,0x00000000d9d63c70,0x00000000d9d80000)
 Metaspace       used 69516K, committed 70912K, reserved 1114112K
  class space    used 8244K, committed 8896K, reserved 1048576K
}
Event: 14.265 GC heap after
{Heap after GC invocations=355 (full 3):
 PSYoungGen      total 9728K, used 1528K [0x00000000eab00000, 0x00000000ebc00000, 0x0000000100000000)
  eden space 8192K, 0% used [0x00000000eab00000,0x00000000eab00000,0x00000000eb300000)
  from space 1536K, 99% used [0x00000000eb700000,0x00000000eb87e360,0x00000000eb880000)
  to   space 4096K, 0% used [0x00000000eb300000,0x00000000eb300000,0x00000000eb700000)
 ParOldGen       total 425984K, used 425478K [0x00000000c0000000, 0x00000000da000000, 0x00000000eab00000)
  object space 425984K, 99% used [0x00000000c0000000,0x00000000d9f81a48,0x00000000da000000)
 Metaspace       used 69516K, committed 70912K, reserved 1114112K
  class space    used 8244K, committed 8896K, reserved 1048576K
}
Event: 14.284 GC heap before
{Heap before GC invocations=356 (full 3):
 PSYoungGen      total 9728K, used 9720K [0x00000000eab00000, 0x00000000ebc00000, 0x0000000100000000)
  eden space 8192K, 100% used [0x00000000eab00000,0x00000000eb300000,0x00000000eb300000)
  from space 1536K, 99% used [0x00000000eb700000,0x00000000eb87e360,0x00000000eb880000)
  to   space 4096K, 0% used [0x00000000eb300000,0x00000000eb300000,0x00000000eb700000)
 ParOldGen       total 425984K, used 425478K [0x00000000c0000000, 0x00000000da000000, 0x00000000eab00000)
  object space 425984K, 99% used [0x00000000c0000000,0x00000000d9f81a48,0x00000000da000000)
 Metaspace       used 69516K, committed 70912K, reserved 1114112K
  class space    used 8244K, committed 8896K, reserved 1048576K
}
Event: 14.288 GC heap after
{Heap after GC invocations=356 (full 3):
 PSYoungGen      total 9728K, used 1170K [0x00000000eab00000, 0x00000000eb800000, 0x0000000100000000)
  eden space 8192K, 0% used [0x00000000eab00000,0x00000000eab00000,0x00000000eb300000)
  from space 1536K, 76% used [0x00000000eb300000,0x00000000eb424968,0x00000000eb480000)
  to   space 2560K, 0% used [0x00000000eb580000,0x00000000eb580000,0x00000000eb800000)
 ParOldGen       total 427008K, used 426973K [0x00000000c0000000, 0x00000000da100000, 0x00000000eab00000)
  object space 427008K, 99% used [0x00000000c0000000,0x00000000da0f7600,0x00000000da100000)
 Metaspace       used 69516K, committed 70912K, reserved 1114112K
  class space    used 8244K, committed 8896K, reserved 1048576K
}
Event: 14.312 GC heap before
{Heap before GC invocations=357 (full 3):
 PSYoungGen      total 9728K, used 9362K [0x00000000eab00000, 0x00000000eb800000, 0x0000000100000000)
  eden space 8192K, 100% used [0x00000000eab00000,0x00000000eb300000,0x00000000eb300000)
  from space 1536K, 76% used [0x00000000eb300000,0x00000000eb424968,0x00000000eb480000)
  to   space 2560K, 0% used [0x00000000eb580000,0x00000000eb580000,0x00000000eb800000)
 ParOldGen       total 427008K, used 426973K [0x00000000c0000000, 0x00000000da100000, 0x00000000eab00000)
  object space 427008K, 99% used [0x00000000c0000000,0x00000000da0f7600,0x00000000da100000)
 Metaspace       used 69516K, committed 70912K, reserved 1114112K
  class space    used 8244K, committed 8896K, reserved 1048576K
}
Event: 14.317 GC heap after
{Heap after GC invocations=357 (full 3):
 PSYoungGen      total 9728K, used 1504K [0x00000000eab00000, 0x00000000eb700000, 0x0000000100000000)
  eden space 8192K, 0% used [0x00000000eab00000,0x00000000eab00000,0x00000000eb300000)
  from space 1536K, 97% used [0x00000000eb580000,0x00000000eb6f8138,0x00000000eb700000)
  to   space 2048K, 0% used [0x00000000eb300000,0x00000000eb300000,0x00000000eb500000)
 ParOldGen       total 428032K, used 427934K [0x00000000c0000000, 0x00000000da200000, 0x00000000eab00000)
  object space 428032K, 99% used [0x00000000c0000000,0x00000000da1e7ac0,0x00000000da200000)
 Metaspace       used 69516K, committed 70912K, reserved 1114112K
  class space    used 8244K, committed 8896K, reserved 1048576K
}
Event: 14.337 GC heap before
{Heap before GC invocations=358 (full 3):
 PSYoungGen      total 9728K, used 9680K [0x00000000eab00000, 0x00000000eb700000, 0x0000000100000000)
  eden space 8192K, 99% used [0x00000000eab00000,0x00000000eb2fc2b8,0x00000000eb300000)
  from space 1536K, 97% used [0x00000000eb580000,0x00000000eb6f8138,0x00000000eb700000)
  to   space 2048K, 0% used [0x00000000eb300000,0x00000000eb300000,0x00000000eb500000)
 ParOldGen       total 428032K, used 427934K [0x00000000c0000000, 0x00000000da200000, 0x00000000eab00000)
  object space 428032K, 99% used [0x00000000c0000000,0x00000000da1e7ac0,0x00000000da200000)
 Metaspace       used 69517K, committed 70912K, reserved 1114112K
  class space    used 8244K, committed 8896K, reserved 1048576K
}
Event: 14.347 GC heap after
{Heap after GC invocations=358 (full 3):
 PSYoungGen      total 10240K, used 1773K [0x00000000eab00000, 0x00000000eb900000, 0x0000000100000000)
  eden space 8192K, 0% used [0x00000000eab00000,0x00000000eab00000,0x00000000eb300000)
  from space 2048K, 86% used [0x00000000eb300000,0x00000000eb4bb610,0x00000000eb500000)
  to   space 2048K, 0% used [0x00000000eb700000,0x00000000eb700000,0x00000000eb900000)
 ParOldGen       total 429568K, used 429248K [0x00000000c0000000, 0x00000000da380000, 0x00000000eab00000)
  object space 429568K, 99% used [0x00000000c0000000,0x00000000da3301e0,0x00000000da380000)
 Metaspace       used 69517K, committed 70912K, reserved 1114112K
  class space    used 8244K, committed 8896K, reserved 1048576K
}

