# JRE version: OpenJDK Runtime Environment OpenLogic-OpenJDK (17.0.13+11) (build 17.0.13+11-adhoc..jdk17u)
# Java VM: OpenJDK 64-Bit Server VM OpenLogic-OpenJDK (17.0.13+11-adhoc..jdk17u, mixed mode, sharing, tiered, compressed oops, compressed class ptrs, g1 gc, windows-amd64)
GC Precious Log:
 CPUs: 8 total, 8 available
 Memory: 15791M
 Large Page Support: Disabled
 NUMA Support: Disabled
 Compressed Oops: Enabled (Zero based)
 Heap Region Size: 2M
 Heap Min Capacity: 8M
 Heap Initial Capacity: 248M
 Heap Max Capacity: 3948M
 Pre-touch: Disabled
 Parallel Workers: 8
 Concurrent Workers: 2
 Concurrent Refinement Workers: 8
 Periodic GC: Disabled
Heap:
 garbage-first heap   total 122880K, used 73607K [0x0000000709400000, 0x0000000800000000)
  region size 2048K, 1 young (2048K), 1 survivors (2048K)
 Metaspace       used 67329K, committed 67648K, reserved 1114112K
  class space    used 7539K, committed 7680K, reserved 1048576K
GC Heap History (20 events):
Event: 12.477 GC heap after
{Heap after GC invocations=16 (full 0):
 garbage-first heap   total 79872K, used 49152K [0x0000000709400000, 0x0000000800000000)
  region size 2048K, 1 young (2048K), 1 survivors (2048K)
 Metaspace       used 53296K, committed 53568K, reserved 1114112K
  class space    used 6401K, committed 6528K, reserved 1048576K
}
Event: 13.048 GC heap before
{Heap before GC invocations=17 (full 0):
 garbage-first heap   total 86016K, used 61440K [0x0000000709400000, 0x0000000800000000)
  region size 2048K, 7 young (14336K), 1 survivors (2048K)
 Metaspace       used 53547K, committed 53824K, reserved 1114112K
  class space    used 6418K, committed 6528K, reserved 1048576K
}
Event: 13.057 GC heap after
{Heap after GC invocations=18 (full 0):
 garbage-first heap   total 86016K, used 52549K [0x0000000709400000, 0x0000000800000000)
  region size 2048K, 1 young (2048K), 1 survivors (2048K)
 Metaspace       used 53547K, committed 53824K, reserved 1114112K
  class space    used 6418K, committed 6528K, reserved 1048576K
}
Event: 14.081 GC heap before
{Heap before GC invocations=18 (full 0):
 garbage-first heap   total 86016K, used 64837K [0x0000000709400000, 0x0000000800000000)
  region size 2048K, 7 young (14336K), 1 survivors (2048K)
 Metaspace       used 54323K, committed 54592K, reserved 1114112K
  class space    used 6493K, committed 6592K, reserved 1048576K
}
Event: 14.093 GC heap after
{Heap after GC invocations=19 (full 0):
 garbage-first heap   total 86016K, used 55296K [0x0000000709400000, 0x0000000800000000)
  region size 2048K, 1 young (2048K), 1 survivors (2048K)
 Metaspace       used 54323K, committed 54592K, reserved 1114112K
  class space    used 6493K, committed 6592K, reserved 1048576K
}
Event: 14.686 GC heap before
{Heap before GC invocations=20 (full 0):
 garbage-first heap   total 96256K, used 63488K [0x0000000709400000, 0x0000000800000000)
  region size 2048K, 6 young (12288K), 1 survivors (2048K)
 Metaspace       used 56144K, committed 56384K, reserved 1114112K
  class space    used 6671K, committed 6784K, reserved 1048576K
}
Event: 14.693 GC heap after
{Heap after GC invocations=21 (full 0):
 garbage-first heap   total 96256K, used 56604K [0x0000000709400000, 0x0000000800000000)
  region size 2048K, 1 young (2048K), 1 survivors (2048K)
 Metaspace       used 56144K, committed 56384K, reserved 1114112K
  class space    used 6671K, committed 6784K, reserved 1048576K
}
Event: 14.817 GC heap before
{Heap before GC invocations=21 (full 0):
 garbage-first heap   total 96256K, used 58652K [0x0000000709400000, 0x0000000800000000)
  region size 2048K, 2 young (4096K), 1 survivors (2048K)
 Metaspace       used 56504K, committed 56832K, reserved 1114112K
  class space    used 6705K, committed 6848K, reserved 1048576K
}
Event: 14.820 GC heap after
{Heap after GC invocations=22 (full 0):
 garbage-first heap   total 116736K, used 56078K [0x0000000709400000, 0x0000000800000000)
  region size 2048K, 1 young (2048K), 1 survivors (2048K)
 Metaspace       used 56504K, committed 56832K, reserved 1114112K
  class space    used 6705K, committed 6848K, reserved 1048576K
}
Event: 16.941 GC heap before
{Heap before GC invocations=22 (full 0):
 garbage-first heap   total 116736K, used 86798K [0x0000000709400000, 0x0000000800000000)
  region size 2048K, 16 young (32768K), 1 survivors (2048K)
 Metaspace       used 58452K, committed 58688K, reserved 1114112K
  class space    used 6808K, committed 6912K, reserved 1048576K
}
Event: 16.957 GC heap after
{Heap after GC invocations=23 (full 0):
 garbage-first heap   total 116736K, used 61300K [0x0000000709400000, 0x0000000800000000)
  region size 2048K, 2 young (4096K), 2 survivors (4096K)
 Metaspace       used 58452K, committed 58688K, reserved 1114112K
  class space    used 6808K, committed 6912K, reserved 1048576K
}
Event: 17.816 GC heap before
{Heap before GC invocations=24 (full 0):
 garbage-first heap   total 116736K, used 85876K [0x0000000709400000, 0x0000000800000000)
  region size 2048K, 15 young (30720K), 2 survivors (4096K)
 Metaspace       used 61977K, committed 62272K, reserved 1114112K
  class space    used 7104K, committed 7232K, reserved 1048576K
}
Event: 17.830 GC heap after
{Heap after GC invocations=25 (full 0):
 garbage-first heap   total 116736K, used 65360K [0x0000000709400000, 0x0000000800000000)
  region size 2048K, 2 young (4096K), 2 survivors (4096K)
 Metaspace       used 61977K, committed 62272K, reserved 1114112K
  class space    used 7104K, committed 7232K, reserved 1048576K
}
Event: 17.943 GC heap before
{Heap before GC invocations=25 (full 0):
 garbage-first heap   total 116736K, used 65360K [0x0000000709400000, 0x0000000800000000)
  region size 2048K, 3 young (6144K), 2 survivors (4096K)
 Metaspace       used 62450K, committed 62720K, reserved 1114112K
  class space    used 7151K, committed 7296K, reserved 1048576K
}
Event: 17.957 GC heap after
{Heap after GC invocations=26 (full 0):
 garbage-first heap   total 116736K, used 65570K [0x0000000709400000, 0x0000000800000000)
  region size 2048K, 1 young (2048K), 1 survivors (2048K)
 Metaspace       used 62450K, committed 62720K, reserved 1114112K
  class space    used 7151K, committed 7296K, reserved 1048576K
}
Event: 18.963 GC heap before
{Heap before GC invocations=26 (full 0):
 garbage-first heap   total 116736K, used 90146K [0x0000000709400000, 0x0000000800000000)
  region size 2048K, 13 young (26624K), 1 survivors (2048K)
 Metaspace       used 64979K, committed 65280K, reserved 1114112K
  class space    used 7380K, committed 7488K, reserved 1048576K
}
Event: 18.975 GC heap after
{Heap after GC invocations=27 (full 0):
 garbage-first heap   total 116736K, used 70513K [0x0000000709400000, 0x0000000800000000)
  region size 2048K, 2 young (4096K), 2 survivors (4096K)
 Metaspace       used 64979K, committed 65280K, reserved 1114112K
  class space    used 7380K, committed 7488K, reserved 1048576K
}
Event: 19.503 GC heap before
{Heap before GC invocations=28 (full 0):
 garbage-first heap   total 122880K, used 90993K [0x0000000709400000, 0x0000000800000000)
  region size 2048K, 12 young (24576K), 2 survivors (4096K)
 Metaspace       used 66930K, committed 67200K, reserved 1114112K
  class space    used 7507K, committed 7616K, reserved 1048576K
}
Event: 19.517 GC heap after
{Heap after GC invocations=29 (full 0):
 garbage-first heap   total 122880K, used 73588K [0x0000000709400000, 0x0000000800000000)
  region size 2048K, 2 young (4096K), 2 survivors (4096K)
 Metaspace       used 66930K, committed 67200K, reserved 1114112K
  class space    used 7507K, committed 7616K, reserved 1048576K
}
Event: 19.588 GC heap before
{Heap before GC invocations=29 (full 0):
 garbage-first heap   total 122880K, used 75636K [0x0000000709400000, 0x0000000800000000)
  region size 2048K, 3 young (6144K), 2 survivors (4096K)
 Metaspace       used 67329K, committed 67648K, reserved 1114112K
  class space    used 7539K, committed 7680K, reserved 1048576K
}

