# JRE version: OpenJDK Runtime Environment OpenLogic-OpenJDK (17.0.13+11) (build 17.0.13+11-adhoc..jdk17u)
# Java VM: OpenJDK 64-Bit Server VM OpenLogic-OpenJDK (17.0.13+11-adhoc..jdk17u, mixed mode, sharing, tiered, compressed oops, compressed class ptrs, g1 gc, windows-amd64)
GC Precious Log:
 CPUs: 8 total, 8 available
 Memory: 15791M
 Large Page Support: Disabled
 NUMA Support: Disabled
 Compressed Oops: Enabled (32-bit)
 Heap Region Size: 1M
 Heap Min Capacity: 8M
 Heap Initial Capacity: 248M
 Heap Max Capacity: 2G
 Pre-touch: Disabled
 Parallel Workers: 8
 Concurrent Workers: 2
 Concurrent Refinement Workers: 8
 Periodic GC: Disabled
Heap:
 garbage-first heap   total 221184K, used 119790K [0x0000000080000000, 0x0000000100000000)
  region size 1024K, 9 young (9216K), 6 survivors (6144K)
 Metaspace       used 99530K, committed 100480K, reserved 557056K
  class space    used 13819K, committed 14272K, reserved 425984K
GC Heap History (20 events):
Event: 15.114 GC heap before
{Heap before GC invocations=34 (full 0):
 garbage-first heap   total 184320K, used 146918K [0x0000000080000000, 0x0000000100000000)
  region size 1024K, 74 young (75776K), 9 survivors (9216K)
 Metaspace       used 73382K, committed 74304K, reserved 491520K
  class space    used 10379K, committed 10816K, reserved 425984K
}
Event: 15.120 GC heap after
{Heap after GC invocations=35 (full 0):
 garbage-first heap   total 184320K, used 83322K [0x0000000080000000, 0x0000000100000000)
  region size 1024K, 5 young (5120K), 5 survivors (5120K)
 Metaspace       used 73382K, committed 74304K, reserved 491520K
  class space    used 10379K, committed 10816K, reserved 425984K
}
Event: 15.777 GC heap before
{Heap before GC invocations=35 (full 0):
 garbage-first heap   total 184320K, used 155002K [0x0000000080000000, 0x0000000100000000)
  region size 1024K, 69 young (70656K), 5 survivors (5120K)
 Metaspace       used 75051K, committed 75968K, reserved 491520K
  class space    used 10586K, committed 11008K, reserved 425984K
}
Event: 15.782 GC heap after
{Heap after GC invocations=36 (full 0):
 garbage-first heap   total 184320K, used 96390K [0x0000000080000000, 0x0000000100000000)
  region size 1024K, 9 young (9216K), 9 survivors (9216K)
 Metaspace       used 75051K, committed 75968K, reserved 491520K
  class space    used 10586K, committed 11008K, reserved 425984K
}
Event: 16.289 GC heap before
{Heap before GC invocations=36 (full 0):
 garbage-first heap   total 184320K, used 146566K [0x0000000080000000, 0x0000000100000000)
  region size 1024K, 58 young (59392K), 9 survivors (9216K)
 Metaspace       used 79455K, committed 80384K, reserved 557056K
  class space    used 11028K, committed 11456K, reserved 425984K
}
Event: 16.294 GC heap after
{Heap after GC invocations=37 (full 0):
 garbage-first heap   total 184320K, used 98369K [0x0000000080000000, 0x0000000100000000)
  region size 1024K, 2 young (2048K), 2 survivors (2048K)
 Metaspace       used 79455K, committed 80384K, reserved 557056K
  class space    used 11028K, committed 11456K, reserved 425984K
}
Event: 16.863 GC heap before
{Heap before GC invocations=37 (full 0):
 garbage-first heap   total 184320K, used 154689K [0x0000000080000000, 0x0000000100000000)
  region size 1024K, 52 young (53248K), 2 survivors (2048K)
 Metaspace       used 83012K, committed 83904K, reserved 557056K
  class space    used 11482K, committed 11904K, reserved 425984K
}
Event: 16.868 GC heap after
{Heap after GC invocations=38 (full 0):
 garbage-first heap   total 184320K, used 103903K [0x0000000080000000, 0x0000000100000000)
  region size 1024K, 7 young (7168K), 7 survivors (7168K)
 Metaspace       used 83012K, committed 83904K, reserved 557056K
  class space    used 11482K, committed 11904K, reserved 425984K
}
Event: 17.363 GC heap before
{Heap before GC invocations=38 (full 0):
 garbage-first heap   total 184320K, used 152031K [0x0000000080000000, 0x0000000100000000)
  region size 1024K, 52 young (53248K), 7 survivors (7168K)
 Metaspace       used 86115K, committed 87040K, reserved 557056K
  class space    used 11907K, committed 12352K, reserved 425984K
}
Event: 17.367 GC heap after
{Heap after GC invocations=39 (full 0):
 garbage-first heap   total 184320K, used 108175K [0x0000000080000000, 0x0000000100000000)
  region size 1024K, 3 young (3072K), 3 survivors (3072K)
 Metaspace       used 86115K, committed 87040K, reserved 557056K
  class space    used 11907K, committed 12352K, reserved 425984K
}
Event: 17.790 GC heap before
{Heap before GC invocations=39 (full 0):
 garbage-first heap   total 184320K, used 152207K [0x0000000080000000, 0x0000000100000000)
  region size 1024K, 46 young (47104K), 3 survivors (3072K)
 Metaspace       used 89058K, committed 90048K, reserved 557056K
  class space    used 12316K, committed 12800K, reserved 425984K
}
Event: 17.792 GC heap after
{Heap after GC invocations=40 (full 0):
 garbage-first heap   total 184320K, used 109275K [0x0000000080000000, 0x0000000100000000)
  region size 1024K, 4 young (4096K), 4 survivors (4096K)
 Metaspace       used 89058K, committed 90048K, reserved 557056K
  class space    used 12316K, committed 12800K, reserved 425984K
}
Event: 18.115 GC heap before
{Heap before GC invocations=40 (full 0):
 garbage-first heap   total 184320K, used 153307K [0x0000000080000000, 0x0000000100000000)
  region size 1024K, 48 young (49152K), 4 survivors (4096K)
 Metaspace       used 90526K, committed 91520K, reserved 557056K
  class space    used 12498K, committed 12992K, reserved 425984K
}
Event: 18.120 GC heap after
{Heap after GC invocations=41 (full 0):
 garbage-first heap   total 184320K, used 112280K [0x0000000080000000, 0x0000000100000000)
  region size 1024K, 5 young (5120K), 5 survivors (5120K)
 Metaspace       used 90526K, committed 91520K, reserved 557056K
  class space    used 12498K, committed 12992K, reserved 425984K
}
Event: 18.506 GC heap before
{Heap before GC invocations=41 (full 0):
 garbage-first heap   total 184320K, used 154264K [0x0000000080000000, 0x0000000100000000)
  region size 1024K, 46 young (47104K), 5 survivors (5120K)
 Metaspace       used 92266K, committed 93248K, reserved 557056K
  class space    used 12704K, committed 13184K, reserved 425984K
}
Event: 18.512 GC heap after
{Heap after GC invocations=42 (full 0):
 garbage-first heap   total 184320K, used 114749K [0x0000000080000000, 0x0000000100000000)
  region size 1024K, 3 young (3072K), 3 survivors (3072K)
 Metaspace       used 92266K, committed 93248K, reserved 557056K
  class space    used 12704K, committed 13184K, reserved 425984K
}
Event: 19.019 GC heap before
{Heap before GC invocations=42 (full 0):
 garbage-first heap   total 184320K, used 155709K [0x0000000080000000, 0x0000000100000000)
  region size 1024K, 43 young (44032K), 3 survivors (3072K)
 Metaspace       used 94714K, committed 95680K, reserved 557056K
  class space    used 13055K, committed 13504K, reserved 425984K
}
Event: 19.023 GC heap after
{Heap after GC invocations=43 (full 0):
 garbage-first heap   total 221184K, used 115952K [0x0000000080000000, 0x0000000100000000)
  region size 1024K, 4 young (4096K), 4 survivors (4096K)
 Metaspace       used 94714K, committed 95680K, reserved 557056K
  class space    used 13055K, committed 13504K, reserved 425984K
}
Event: 19.881 GC heap before
{Heap before GC invocations=43 (full 0):
 garbage-first heap   total 221184K, used 186608K [0x0000000080000000, 0x0000000100000000)
  region size 1024K, 73 young (74752K), 4 survivors (4096K)
 Metaspace       used 99384K, committed 100352K, reserved 557056K
  class space    used 13801K, committed 14272K, reserved 425984K
}
Event: 19.886 GC heap after
{Heap after GC invocations=44 (full 0):
 garbage-first heap   total 221184K, used 117742K [0x0000000080000000, 0x0000000100000000)
  region size 1024K, 6 young (6144K), 6 survivors (6144K)
 Metaspace       used 99384K, committed 100352K, reserved 557056K
  class space    used 13801K, committed 14272K, reserved 425984K
}

