# JRE version: OpenJDK Runtime Environment OpenLogic-OpenJDK (17.0.13+11) (build 17.0.13+11-adhoc..jdk17u)
# Java VM: OpenJDK 64-Bit Server VM OpenLogic-OpenJDK (17.0.13+11-adhoc..jdk17u, mixed mode, sharing, tiered, compressed oops, compressed class ptrs, g1 gc, windows-amd64)
GC Precious Log:
 CPUs: 8 total, 8 available
 Memory: 15791M
 Large Page Support: Disabled
 NUMA Support: Disabled
 Compressed Oops: Enabled (32-bit)
 Heap Region Size: 1M
 Heap Min Capacity: 8M
 Heap Initial Capacity: 248M
 Heap Max Capacity: 2G
 Pre-touch: Disabled
 Parallel Workers: 8
 Concurrent Workers: 2
 Concurrent Refinement Workers: 8
 Periodic GC: Disabled
Heap:
 garbage-first heap   total 428032K, used 314721K [0x0000000080000000, 0x0000000100000000)
  region size 1024K, 28 young (28672K), 4 survivors (4096K)
 Metaspace       used 134427K, committed 136256K, reserved 557056K
  class space    used 17994K, committed 18816K, reserved 425984K
GC Heap History (20 events):
Event: 23.027 GC heap before
{Heap before GC invocations=54 (full 0):
 garbage-first heap   total 428032K, used 334429K [0x0000000080000000, 0x0000000100000000)
  region size 1024K, 125 young (128000K), 10 survivors (10240K)
 Metaspace       used 122232K, committed 123456K, reserved 557056K
  class space    used 16673K, committed 17280K, reserved 425984K
}
Event: 23.037 GC heap after
{Heap after GC invocations=55 (full 0):
 garbage-first heap   total 428032K, used 223246K [0x0000000080000000, 0x0000000100000000)
  region size 1024K, 8 young (8192K), 8 survivors (8192K)
 Metaspace       used 122232K, committed 123456K, reserved 557056K
  class space    used 16673K, committed 17280K, reserved 425984K
}
Event: 23.536 GC heap before
{Heap before GC invocations=55 (full 0):
 garbage-first heap   total 428032K, used 341006K [0x0000000080000000, 0x0000000100000000)
  region size 1024K, 124 young (126976K), 8 survivors (8192K)
 Metaspace       used 122483K, committed 123712K, reserved 557056K
  class space    used 16695K, committed 17280K, reserved 425984K
}
Event: 23.542 GC heap after
{Heap after GC invocations=56 (full 0):
 garbage-first heap   total 428032K, used 227464K [0x0000000080000000, 0x0000000100000000)
  region size 1024K, 12 young (12288K), 12 survivors (12288K)
 Metaspace       used 122483K, committed 123712K, reserved 557056K
  class space    used 16695K, committed 17280K, reserved 425984K
}
Event: 24.046 GC heap before
{Heap before GC invocations=56 (full 0):
 garbage-first heap   total 428032K, used 345224K [0x0000000080000000, 0x0000000100000000)
  region size 1024K, 128 young (131072K), 12 survivors (12288K)
 Metaspace       used 122805K, committed 124160K, reserved 557056K
  class space    used 16720K, committed 17344K, reserved 425984K
}
Event: 24.055 GC heap after
{Heap after GC invocations=57 (full 0):
 garbage-first heap   total 428032K, used 234337K [0x0000000080000000, 0x0000000100000000)
  region size 1024K, 15 young (15360K), 15 survivors (15360K)
 Metaspace       used 122805K, committed 124160K, reserved 557056K
  class space    used 16720K, committed 17344K, reserved 425984K
}
Event: 24.420 GC heap before
{Heap before GC invocations=57 (full 0):
 garbage-first heap   total 428032K, used 349025K [0x0000000080000000, 0x0000000100000000)
  region size 1024K, 128 young (131072K), 15 survivors (15360K)
 Metaspace       used 122865K, committed 124224K, reserved 557056K
  class space    used 16725K, committed 17344K, reserved 425984K
}
Event: 24.427 GC heap after
{Heap after GC invocations=58 (full 0):
 garbage-first heap   total 428032K, used 238088K [0x0000000080000000, 0x0000000100000000)
  region size 1024K, 7 young (7168K), 7 survivors (7168K)
 Metaspace       used 122865K, committed 124224K, reserved 557056K
  class space    used 16725K, committed 17344K, reserved 425984K
}
Event: 31.805 GC heap before
{Heap before GC invocations=58 (full 0):
 garbage-first heap   total 428032K, used 352776K [0x0000000080000000, 0x0000000100000000)
  region size 1024K, 120 young (122880K), 7 survivors (7168K)
 Metaspace       used 125352K, committed 126720K, reserved 557056K
  class space    used 17041K, committed 17664K, reserved 425984K
}
Event: 31.811 GC heap after
{Heap after GC invocations=59 (full 0):
 garbage-first heap   total 428032K, used 241615K [0x0000000080000000, 0x0000000100000000)
  region size 1024K, 11 young (11264K), 11 survivors (11264K)
 Metaspace       used 125352K, committed 126720K, reserved 557056K
  class space    used 17041K, committed 17664K, reserved 425984K
}
Event: 129.624 GC heap before
{Heap before GC invocations=59 (full 0):
 garbage-first heap   total 428032K, used 355279K [0x0000000080000000, 0x0000000100000000)
  region size 1024K, 123 young (125952K), 11 survivors (11264K)
 Metaspace       used 132064K, committed 133440K, reserved 557056K
  class space    used 17752K, committed 18368K, reserved 425984K
}
Event: 129.632 GC heap after
{Heap after GC invocations=60 (full 0):
 garbage-first heap   total 428032K, used 244736K [0x0000000080000000, 0x0000000100000000)
  region size 1024K, 10 young (10240K), 10 survivors (10240K)
 Metaspace       used 132064K, committed 133440K, reserved 557056K
  class space    used 17752K, committed 18368K, reserved 425984K
}
Event: 131.018 GC heap before
{Heap before GC invocations=60 (full 0):
 garbage-first heap   total 428032K, used 359424K [0x0000000080000000, 0x0000000100000000)
  region size 1024K, 123 young (125952K), 10 survivors (10240K)
 Metaspace       used 132937K, committed 134400K, reserved 557056K
  class space    used 17821K, committed 18496K, reserved 425984K
}
Event: 131.031 GC heap after
{Heap after GC invocations=61 (full 0):
 garbage-first heap   total 428032K, used 259514K [0x0000000080000000, 0x0000000100000000)
  region size 1024K, 16 young (16384K), 16 survivors (16384K)
 Metaspace       used 132937K, committed 134400K, reserved 557056K
  class space    used 17821K, committed 18496K, reserved 425984K
}
Event: 132.007 GC heap before
{Heap before GC invocations=61 (full 0):
 garbage-first heap   total 428032K, used 356794K [0x0000000080000000, 0x0000000100000000)
  region size 1024K, 111 young (113664K), 16 survivors (16384K)
 Metaspace       used 133404K, committed 134976K, reserved 557056K
  class space    used 17890K, committed 18624K, reserved 425984K
}
Event: 132.023 GC heap after
{Heap after GC invocations=62 (full 0):
 garbage-first heap   total 428032K, used 274096K [0x0000000080000000, 0x0000000100000000)
  region size 1024K, 14 young (14336K), 14 survivors (14336K)
 Metaspace       used 133404K, committed 134976K, reserved 557056K
  class space    used 17890K, committed 18624K, reserved 425984K
}
Event: 133.147 GC heap before
{Heap before GC invocations=62 (full 0):
 garbage-first heap   total 428032K, used 356016K [0x0000000080000000, 0x0000000100000000)
  region size 1024K, 95 young (97280K), 14 survivors (14336K)
 Metaspace       used 133938K, committed 135616K, reserved 557056K
  class space    used 17951K, committed 18752K, reserved 425984K
}
Event: 133.162 GC heap after
{Heap after GC invocations=63 (full 0):
 garbage-first heap   total 428032K, used 287738K [0x0000000080000000, 0x0000000100000000)
  region size 1024K, 12 young (12288K), 12 survivors (12288K)
 Metaspace       used 133938K, committed 135616K, reserved 557056K
  class space    used 17951K, committed 18752K, reserved 425984K
}
Event: 138.101 GC heap before
{Heap before GC invocations=63 (full 0):
 garbage-first heap   total 428032K, used 356346K [0x0000000080000000, 0x0000000100000000)
  region size 1024K, 80 young (81920K), 12 survivors (12288K)
 Metaspace       used 134303K, committed 136128K, reserved 557056K
  class space    used 17980K, committed 18816K, reserved 425984K
}
Event: 138.114 GC heap after
{Heap after GC invocations=64 (full 0):
 garbage-first heap   total 428032K, used 292193K [0x0000000080000000, 0x0000000100000000)
  region size 1024K, 4 young (4096K), 4 survivors (4096K)
 Metaspace       used 134303K, committed 136128K, reserved 557056K
  class space    used 17980K, committed 18816K, reserved 425984K
}

