# JRE version: OpenJDK Runtime Environment OpenLogic-OpenJDK (17.0.13+11) (build 17.0.13+11-adhoc..jdk17u)
# Java VM: OpenJDK 64-Bit Server VM OpenLogic-OpenJDK (17.0.13+11-adhoc..jdk17u, mixed mode, sharing, tiered, compressed oops, compressed class ptrs, g1 gc, windows-amd64)
GC Precious Log:
 CPUs: 8 total, 8 available
 Memory: 15791M
 Large Page Support: Disabled
 NUMA Support: Disabled
 Compressed Oops: Enabled (Zero based)
 Heap Region Size: 2M
 Heap Min Capacity: 8M
 Heap Initial Capacity: 248M
 Heap Max Capacity: 3948M
 Pre-touch: Disabled
 Parallel Workers: 8
 Concurrent Workers: 2
 Concurrent Refinement Workers: 8
 Periodic GC: Disabled
Heap:
 garbage-first heap   total 227328K, used 146036K [0x0000000709400000, 0x0000000800000000)
  region size 2048K, 29 young (59392K), 1 survivors (2048K)
 Metaspace       used 62282K, committed 62528K, reserved 1114112K
  class space    used 6944K, committed 7040K, reserved 1048576K
GC Heap History (20 events):
Event: 23.037 GC heap before
{Heap before GC invocations=13 (full 0):
 garbage-first heap   total 96256K, used 70355K [0x0000000709400000, 0x0000000800000000)
  region size 2048K, 12 young (24576K), 3 survivors (6144K)
 Metaspace       used 49219K, committed 49472K, reserved 1114112K
  class space    used 5832K, committed 5952K, reserved 1048576K
}
Event: 23.051 GC heap after
{Heap after GC invocations=14 (full 0):
 garbage-first heap   total 96256K, used 57344K [0x0000000709400000, 0x0000000800000000)
  region size 2048K, 2 young (4096K), 2 survivors (4096K)
 Metaspace       used 49219K, committed 49472K, reserved 1114112K
  class space    used 5832K, committed 5952K, reserved 1048576K
}
Event: 24.340 GC heap before
{Heap before GC invocations=15 (full 0):
 garbage-first heap   total 100352K, used 73728K [0x0000000709400000, 0x0000000800000000)
  region size 2048K, 10 young (20480K), 2 survivors (4096K)
 Metaspace       used 51343K, committed 51584K, reserved 1114112K
  class space    used 6029K, committed 6144K, reserved 1048576K
}
Event: 24.354 GC heap after
{Heap after GC invocations=16 (full 0):
 garbage-first heap   total 100352K, used 61773K [0x0000000709400000, 0x0000000800000000)
  region size 2048K, 2 young (4096K), 2 survivors (4096K)
 Metaspace       used 51343K, committed 51584K, reserved 1114112K
  class space    used 6029K, committed 6144K, reserved 1048576K
}
Event: 24.816 GC heap before
{Heap before GC invocations=16 (full 0):
 garbage-first heap   total 100352K, used 76109K [0x0000000709400000, 0x0000000800000000)
  region size 2048K, 9 young (18432K), 2 survivors (4096K)
 Metaspace       used 53533K, committed 53760K, reserved 1114112K
  class space    used 6299K, committed 6400K, reserved 1048576K
}
Event: 24.826 GC heap after
{Heap after GC invocations=17 (full 0):
 garbage-first heap   total 143360K, used 63834K [0x0000000709400000, 0x0000000800000000)
  region size 2048K, 2 young (4096K), 2 survivors (4096K)
 Metaspace       used 53533K, committed 53760K, reserved 1114112K
  class space    used 6299K, committed 6400K, reserved 1048576K
}
Event: 25.650 GC heap before
{Heap before GC invocations=18 (full 0):
 garbage-first heap   total 143360K, used 102746K [0x0000000709400000, 0x0000000800000000)
  region size 2048K, 21 young (43008K), 2 survivors (4096K)
 Metaspace       used 55406K, committed 55744K, reserved 1114112K
  class space    used 6457K, committed 6592K, reserved 1048576K
}
Event: 25.664 GC heap after
{Heap after GC invocations=19 (full 0):
 garbage-first heap   total 143360K, used 71680K [0x0000000709400000, 0x0000000800000000)
  region size 2048K, 3 young (6144K), 3 survivors (6144K)
 Metaspace       used 55406K, committed 55744K, reserved 1114112K
  class space    used 6457K, committed 6592K, reserved 1048576K
}
Event: 26.691 GC heap before
{Heap before GC invocations=19 (full 0):
 garbage-first heap   total 143360K, used 106496K [0x0000000709400000, 0x0000000800000000)
  region size 2048K, 20 young (40960K), 3 survivors (6144K)
 Metaspace       used 56730K, committed 57024K, reserved 1114112K
  class space    used 6537K, committed 6656K, reserved 1048576K
}
Event: 26.704 GC heap after
{Heap after GC invocations=20 (full 0):
 garbage-first heap   total 143360K, used 78082K [0x0000000709400000, 0x0000000800000000)
  region size 2048K, 3 young (6144K), 3 survivors (6144K)
 Metaspace       used 56730K, committed 57024K, reserved 1114112K
  class space    used 6537K, committed 6656K, reserved 1048576K
}
Event: 27.503 GC heap before
{Heap before GC invocations=21 (full 0):
 garbage-first heap   total 143360K, used 108802K [0x0000000709400000, 0x0000000800000000)
  region size 2048K, 18 young (36864K), 3 survivors (6144K)
 Metaspace       used 57615K, committed 57920K, reserved 1114112K
  class space    used 6613K, committed 6784K, reserved 1048576K
}
Event: 27.513 GC heap after
{Heap after GC invocations=22 (full 0):
 garbage-first heap   total 143360K, used 81678K [0x0000000709400000, 0x0000000800000000)
  region size 2048K, 2 young (4096K), 2 survivors (4096K)
 Metaspace       used 57615K, committed 57920K, reserved 1114112K
  class space    used 6613K, committed 6784K, reserved 1048576K
}
Event: 28.187 GC heap before
{Heap before GC invocations=22 (full 0):
 garbage-first heap   total 143360K, used 112398K [0x0000000709400000, 0x0000000800000000)
  region size 2048K, 17 young (34816K), 2 survivors (4096K)
 Metaspace       used 57927K, committed 58240K, reserved 1114112K
  class space    used 6622K, committed 6784K, reserved 1048576K
}
Event: 28.197 GC heap after
{Heap after GC invocations=23 (full 0):
 garbage-first heap   total 143360K, used 85322K [0x0000000709400000, 0x0000000800000000)
  region size 2048K, 2 young (4096K), 2 survivors (4096K)
 Metaspace       used 57927K, committed 58240K, reserved 1114112K
  class space    used 6622K, committed 6784K, reserved 1048576K
}
Event: 28.757 GC heap before
{Heap before GC invocations=24 (full 0):
 garbage-first heap   total 147456K, used 111946K [0x0000000709400000, 0x0000000800000000)
  region size 2048K, 15 young (30720K), 2 survivors (4096K)
 Metaspace       used 58116K, committed 58432K, reserved 1114112K
  class space    used 6630K, committed 6784K, reserved 1048576K
}
Event: 28.766 GC heap after
{Heap after GC invocations=25 (full 0):
 garbage-first heap   total 147456K, used 89419K [0x0000000709400000, 0x0000000800000000)
  region size 2048K, 2 young (4096K), 2 survivors (4096K)
 Metaspace       used 58116K, committed 58432K, reserved 1114112K
  class space    used 6630K, committed 6784K, reserved 1048576K
}
Event: 28.807 GC heap before
{Heap before GC invocations=25 (full 0):
 garbage-first heap   total 147456K, used 91467K [0x0000000709400000, 0x0000000800000000)
  region size 2048K, 3 young (6144K), 2 survivors (4096K)
 Metaspace       used 58149K, committed 58432K, reserved 1114112K
  class space    used 6630K, committed 6784K, reserved 1048576K
}
Event: 28.815 GC heap after
{Heap after GC invocations=26 (full 0):
 garbage-first heap   total 147456K, used 89710K [0x0000000709400000, 0x0000000800000000)
  region size 2048K, 1 young (2048K), 1 survivors (2048K)
 Metaspace       used 58149K, committed 58432K, reserved 1114112K
  class space    used 6630K, committed 6784K, reserved 1048576K
}
Event: 29.222 GC heap before
{Heap before GC invocations=26 (full 0):
 garbage-first heap   total 147456K, used 116334K [0x0000000709400000, 0x0000000800000000)
  region size 2048K, 14 young (28672K), 1 survivors (2048K)
 Metaspace       used 58407K, committed 58688K, reserved 1114112K
  class space    used 6632K, committed 6784K, reserved 1048576K
}
Event: 29.225 GC heap after
{Heap after GC invocations=27 (full 0):
 garbage-first heap   total 227328K, used 90740K [0x0000000709400000, 0x0000000800000000)
  region size 2048K, 1 young (2048K), 1 survivors (2048K)
 Metaspace       used 58407K, committed 58688K, reserved 1114112K
  class space    used 6632K, committed 6784K, reserved 1048576K
}

